==============================================================================================================
==============================================================================================================
	QuakeMigrate - Coalescence Scanning - Path: outputs/runs - Name: icequake_example
==============================================================================================================
==============================================================================================================

==============================================================================================================
	LOCATE - Determining earthquake location and uncertainty
==============================================================================================================

	Parameters:
		Start time     = 2009-01-21T04:00:05.000000Z
		End   time     = 2009-01-21T04:00:15.000000Z
		Number of CPUs = 12

	Onset parameters - using the classic STA/LTA onset
		Data sampling rate = 1000

		Bandpass filter P  = [20, 200, 4]
		Bandpass filter S  = [10, 125, 4]

		Onset P [STA, LTA] = [0.01, 0.25]
		Onset S [STA, LTA] = [0.05, 0.5]

	Pick parameters - using the 1-D Gaussian fit to onset
		Pick threshold = 1.0
		Search window  = 0.1s

==============================================================================================================

==============================================================================================================
	EVENT - 1 of 1 - 20090121040007152
==============================================================================================================

	Determining event location...

	Reading waveform data...
	All available data for this time period contains gaps
	OR data not available at start/end of time period

==============================================================================================================
	LOCATE - Determining earthquake location and uncertainty
==============================================================================================================

	Parameters:
		Start time     = None
		End   time     = None
		Number of CPUs = 12

	Onset parameters - using the classic STA/LTA onset
		Data sampling rate = 1000

		Bandpass filter P  = [20, 200, 4]
		Bandpass filter S  = [10, 125, 4]

		Onset P [STA, LTA] = [0.01, 0.25]
		Onset S [STA, LTA] = [0.05, 0.5]

	Pick parameters - using the 1-D Gaussian fit to onset
		Pick threshold = 1.0
		Search window  = 0.1s

==============================================================================================================

==============================================================================================================
	EVENT - 1 of 1 - 20090121040007152
==============================================================================================================

	Determining event location...

	Reading waveform data...
	All available data for this time period contains gaps
	OR data not available at start/end of time period

==============================================================================================================
==============================================================================================================
	QuakeMigrate - Coalescence Scanning - Path: outputs/runs - Name: icequake_example
==============================================================================================================
==============================================================================================================

==============================================================================================================
	LOCATE - Determining earthquake location and uncertainty
==============================================================================================================

	Parameters:
		Start time     = 2009-01-21T04:00:05.000000Z
		End   time     = 2009-01-21T04:00:15.000000Z
		Number of CPUs = 12

	Onset parameters - using the classic STA/LTA onset
		Data sampling rate = 1000

		Bandpass filter P  = [20, 200, 4]
		Bandpass filter S  = [10, 125, 4]

		Onset P [STA, LTA] = [0.01, 0.25]
		Onset S [STA, LTA] = [0.05, 0.5]

	Pick parameters - using the 1-D Gaussian fit to onset
		Pick threshold = 1.0
		Search window  = 0.1s

==============================================================================================================

==============================================================================================================
	EVENT - 1 of 1 - 20090121040007152
==============================================================================================================

	Determining event location...

	Reading waveform data...
    		Elapsed time: 0.132164 seconds.
	Computing 4D coalescence grid...
    		Elapsed time: 3.196810 seconds.
	Making phase picks...
    		Elapsed time: 0.174471 seconds.
	Determining earthquake location and uncertainty...
		Gridded loc: 27   59   23
		Spline  loc: 26.9 58.8 23.2
    		Elapsed time: 2.005651 seconds.
	Plotting event summary figure...
    		Elapsed time: 3.566174 seconds.
==============================================================================================================

==============================================================================================================
==============================================================================================================
	QuakeMigrate - Coalescence Scanning - Path: outputs/runs - Name: icequake_example
==============================================================================================================
==============================================================================================================

==============================================================================================================
	LOCATE - Determining earthquake location and uncertainty
==============================================================================================================

	Parameters:
		Start time     = 2009-01-21T04:00:05.000000Z
		End   time     = 2009-01-21T04:00:15.000000Z
		Number of CPUs = 12

	Onset parameters - using the classic STA/LTA onset
		Data sampling rate = 1000

		Bandpass filter P  = [20, 200, 4]
		Bandpass filter S  = [10, 125, 4]

		Onset P [STA, LTA] = [0.01, 0.25]
		Onset S [STA, LTA] = [0.05, 0.5]

	Pick parameters - using the 1-D Gaussian fit to onset
		Pick threshold = 1.0
		Search window  = 0.1s

==============================================================================================================

==============================================================================================================
	EVENT - 1 of 1 - 20090121040007151
==============================================================================================================

	Determining event location...

	Reading waveform data...
    		Elapsed time: 0.125957 seconds.
	Computing 4D coalescence grid...
    		Elapsed time: 3.217406 seconds.
	Making phase picks...
    		Elapsed time: 0.125548 seconds.
	Determining earthquake location and uncertainty...
		Gridded loc: 27   59   23
		Spline  loc: 26.9 58.8 23.2
    		Elapsed time: 2.052385 seconds.
	Plotting event summary figure...
    		Elapsed time: 3.398505 seconds.
==============================================================================================================

